Received Data: Array
(
    [invoice_date] => 3/2/2025, 4:06:48 PM
    [customer_name] => Rasanjalee
    [vehicle_no] => CIB 9654
    [mobile_no] => 0778965285
    [payment_method] => credit_card
    [total_amount] => 7500
    [paid_amount] => 7500
    [items] => Array
        (
            [0] => Array
                (
                    [type] => service
                    [name] => Full Service
                    [price] => 7500
                    [quantity] => 1
                    [total] => 7500
                )

        )

)

Received Data: Array
(
    [invoice_date] => 3/2/2025, 4:06:48 PM
    [customer_name] => Rasanjalee
    [vehicle_no] => CIB 9654
    [mobile_no] => 0778965285
    [payment_method] => bank_transfer
    [total_amount] => 7500
    [paid_amount] => 7500
    [items] => Array
        (
            [0] => Array
                (
                    [type] => service
                    [name] => Full Service
                    [price] => 7500
                    [quantity] => 1
                    [total] => 7500
                )

        )

)

Received Data: Array
(
    [invoice_date] => 3/2/2025, 4:06:48 PM
    [customer_name] => Rasanjalee
    [vehicle_no] => CIB 9654
    [mobile_no] => 0778965285
    [payment_method] => cash
    [total_amount] => 7500
    [paid_amount] => 7500
    [items] => Array
        (
            [0] => Array
                (
                    [type] => service
                    [name] => Full Service
                    [price] => 7500
                    [quantity] => 1
                    [total] => 7500
                )

        )

)

Received Data: Array
(
    [invoice_date] => 3/2/2025, 4:13:13 PM
    [customer_name] => Rasanjalee
    [vehicle_no] => ASFF 12124
    [mobile_no] => 0778965420
    [payment_method] => cash
    [total_amount] => 4530
    [paid_amount] => 5000
    [items] => Array
        (
            [0] => Array
                (
                    [type] => service
                    [name] => Full Service
                    [price] => 4530
                    [quantity] => 1
                    [total] => 4530
                )

        )

)

Received Data: Array
(
    [invoice_date] => 3/2/2025, 4:13:13 PM
    [customer_name] => Rasanjalee
    [vehicle_no] => ASFF 12124
    [mobile_no] => 0778965420
    [payment_method] => credit_card
    [total_amount] => 4530
    [paid_amount] => 4530
    [items] => Array
        (
            [0] => Array
                (
                    [type] => service
                    [name] => Full Service
                    [price] => 4530
                    [quantity] => 1
                    [total] => 4530
                )

        )

)

Received Data: Array
(
    [invoice_date] => 3/3/2025, 1:29:59 PM
    [customer_name] => Nishan
    [vehicle_no] => CAC 2465
    [mobile_no] => 0766445594
    [payment_method] => cash
    [total_amount] => 9600
    [paid_amount] => 10000
    [items] => Array
        (
            [0] => Array
                (
                    [type] => service
                    [name] => Full Service
                    [price] => 9600
                    [quantity] => 1
                    [total] => 9600
                )

        )

)

Received Data: Array
(
    [invoice_date] => 3/3/2025, 1:33:28 PM
    [customer_name] => Rasanjalee
    [vehicle_no] => ASFF 12124
    [mobile_no] => 0778965420
    [payment_method] => cash
    [total_amount] => 7820
    [paid_amount] => 7850
    [items] => Array
        (
            [0] => Array
                (
                    [type] => service
                    [name] => Full Service
                    [price] => 7820
                    [quantity] => 1
                    [total] => 7820
                )

        )

)

Received Data: Array
(
    [invoice_date] => 3/3/2025, 1:37:01 PM
    [customer_name] => Rasanjalee
    [vehicle_no] => ASFF 12124
    [mobile_no] => 0778965420
    [payment_method] => bank_transfer
    [total_amount] => 6500
    [paid_amount] => 7000
    [items] => Array
        (
            [0] => Array
                (
                    [type] => service
                    [name] => Full Service
                    [price] => 6500
                    [quantity] => 1
                    [total] => 6500
                )

        )

)

Received Data: Array
(
    [invoice_date] => 3/3/2025, 1:40:52 PM
    [customer_name] => Rasanjalee
    [vehicle_no] => ASFF 12124
    [mobile_no] => 0778965420
    [payment_method] => cash
    [total_amount] => 9600
    [paid_amount] => 10000
    [items] => Array
        (
            [0] => Array
                (
                    [type] => service
                    [name] => Full Service
                    [price] => 9600
                    [quantity] => 1
                    [total] => 9600
                )

        )

)

